<<<<<<< HEAD
<<<<<<< HEAD
2025-10-26 06:05:58,533 - Using proactor: IocpProactor
2025-10-26 06:05:58,537 - Servers running:
2025-10-26 06:05:58,538 - - Auth: 0.0.0.0:3724
2025-10-26 06:05:58,538 - - World: 0.0.0.0:8085
=======
=======
>>>>>>> parent of 39943aa (A017)
 
  ======================================
  --------------------------------------
  The Eternal Crusade Pseudo-Server v1.0
  --------------------------------------
  ======================================
 
  Launched TEC client (PID: 1384)
 Login server running on 0.0.0.0:3724
 World server running on 0.0.0.0:8085
  Login client connected: ('127.0.0.1', 51780)
 
  DEBUG: b'\x00\x08%\x00WoW\x00\x03\x03\x054068x\x00niW\x00SUne\xe0\x01\x00\x00\x7f\x00\x00\x01\x07ETERNAL'
<<<<<<< HEAD
>>>>>>> parent of 39943aa (A017)
=======
>>>>>>> parent of 39943aa (A017)
